
> cgv@1.0.0 start
> node index.js

20240621 14:44:05 작업 시작
/home/ubuntu/dragon_IMAX_/node_modules/@puppeteer/browsers/lib/cjs/launch.js:310
                reject(new Error([
                       ^

Error: Failed to launch the browser process! undefined
[2094047:2094047:0621/144406.153132:ERROR:process_singleton_posix.cc(1051)] Failed to create socket directory.
[2094047:2094047:0621/144406.153355:ERROR:chrome_main_delegate.cc(592)] Failed to create a ProcessSingleton for your profile directory. This means that running multiple instances would start multiple browser processes rather than opening a new window in the existing process. Aborting now to avoid profile corruption.


TROUBLESHOOTING: https://pptr.dev/troubleshooting

    at ChildProcess.onClose (/home/ubuntu/dragon_IMAX_/node_modules/@puppeteer/browsers/lib/cjs/launch.js:310:24)
    at ChildProcess.emit (node:events:531:35)
    at ChildProcess._handle.onexit (node:internal/child_process:294:12)

Node.js v20.13.1
mktemp: failed to create directory via template ‘/dev/null/xvfb-run.XXXXXX’: Not a directory
mktemp: failed to create directory via template ‘/dev/null/xvfb-run.XXXXXX’: Not a directory

> cgv@1.0.0 start
> node index.js

20240621 14:51:54 작업 시작
/home/ubuntu/dragon_IMAX_/node_modules/@puppeteer/browsers/lib/cjs/launch.js:310
                reject(new Error([
                       ^

Error: Failed to launch the browser process! undefined
[2095182:2095182:0621/145154.583256:ERROR:process_singleton_posix.cc(1051)] Failed to create socket directory.
[2095182:2095182:0621/145154.584334:ERROR:chrome_main_delegate.cc(592)] Failed to create a ProcessSingleton for your profile directory. This means that running multiple instances would start multiple browser processes rather than opening a new window in the existing process. Aborting now to avoid profile corruption.


TROUBLESHOOTING: https://pptr.dev/troubleshooting

    at ChildProcess.onClose (/home/ubuntu/dragon_IMAX_/node_modules/@puppeteer/browsers/lib/cjs/launch.js:310:24)
    at ChildProcess.emit (node:events:531:35)
    at ChildProcess._handle.onexit (node:internal/child_process:294:12)

Node.js v20.13.1
mktemp: failed to create directory via template ‘/dev/null/xvfb-run.XXXXXX’: Not a directory
mktemp: failed to create directory via template ‘/dev/null/xvfb-run.XXXXXX’: Not a directory
mktemp: failed to create directory via template ‘/dev/null/xvfb-run.XXXXXX’: Not a directory
mktemp: failed to create directory via template ‘/dev/null/xvfb-run.XXXXXX’: Not a directory
mktemp: failed to create directory via template ‘/dev/null/xvfb-run.XXXXXX’: Not a directory
mktemp: failed to create directory via template ‘/dev/null/xvfb-run.XXXXXX’: Not a directory

> cgv@1.0.0 start
> node index.js

20240621 15:24:03 작업 시작
/home/ubuntu/dragon_IMAX_/node_modules/@puppeteer/browsers/lib/cjs/launch.js:310
                reject(new Error([
                       ^

Error: Failed to launch the browser process! undefined
[2099985:2099985:0621/152403.890932:ERROR:process_singleton_posix.cc(1051)] Failed to create socket directory.
[2099985:2099985:0621/152403.891133:ERROR:chrome_main_delegate.cc(592)] Failed to create a ProcessSingleton for your profile directory. This means that running multiple instances would start multiple browser processes rather than opening a new window in the existing process. Aborting now to avoid profile corruption.


TROUBLESHOOTING: https://pptr.dev/troubleshooting

    at ChildProcess.onClose (/home/ubuntu/dragon_IMAX_/node_modules/@puppeteer/browsers/lib/cjs/launch.js:310:24)
    at ChildProcess.emit (node:events:531:35)
    at ChildProcess._handle.onexit (node:internal/child_process:294:12)

Node.js v20.13.1
mktemp: failed to create directory via template ‘/dev/null/xvfb-run.XXXXXX’: Not a directory

> cgv@1.0.0 start
> node index.js

20240621 15:25:39 작업 시작
/home/ubuntu/dragon_IMAX_/node_modules/@puppeteer/browsers/lib/cjs/launch.js:310
                reject(new Error([
                       ^

Error: Failed to launch the browser process! undefined
[2100297:2100297:0621/152539.865528:ERROR:process_singleton_posix.cc(1051)] Failed to create socket directory.
[2100297:2100297:0621/152539.865747:ERROR:chrome_main_delegate.cc(592)] Failed to create a ProcessSingleton for your profile directory. This means that running multiple instances would start multiple browser processes rather than opening a new window in the existing process. Aborting now to avoid profile corruption.


TROUBLESHOOTING: https://pptr.dev/troubleshooting

    at ChildProcess.onClose (/home/ubuntu/dragon_IMAX_/node_modules/@puppeteer/browsers/lib/cjs/launch.js:310:24)
    at ChildProcess.emit (node:events:531:35)
    at ChildProcess._handle.onexit (node:internal/child_process:294:12)

Node.js v20.13.1
